#
# A fatal error has been detected by the Java Runtime Environment:
#
#  EXCEPTION_ACCESS_VIOLATION (0xc0000005) at pc=0x000000005d935ccb, pid=6256, tid=0x0000000000001a7c
#
# JRE version: Java(TM) SE Runtime Environment (8.0_121-b13) (build 1.8.0_121-b13)
# Java VM: Java HotSpot(TM) 64-Bit Server VM (25.121-b13 mixed mode windows-amd64 compressed oops)
# Problematic frame:
# V  [jvm.dll+0x445ccb]
#
# Failed to write core dump. Minidumps are not enabled by default on client versions of Windows
#
# If you would like to submit a bug report, please visit:
#   http://bugreport.java.com/bugreport/crash.jsp
#

---------------  T H R E A D  ---------------

Current thread (0x0000000054f39800):  JavaThread "C1 CompilerThread1" daemon [_thread_in_native, id=6780, stack(0x0000000056080000,0x0000000056180000)]

siginfo: ExceptionCode=0xc0000005, reading address 0x000000005eaa4a28

Registers:
RAX=0x000000005632fd70, RBX=0x0000000000000000, RCX=0x000000005632fcf0, RDX=0x00000000010ee997
RSP=0x000000005617efc0, RBP=0x0000000000000000, RSI=0x000000000000000e, RDI=0x00000000562755c0
R8 =0x000000005617f0d0, R9 =0x0000000000000004, R10=0x0000000056330240, R11=0x000000005db47d68
R12=0x000000005617f090, R13=0x0000000000000000, R14=0x00000000562c2f60, R15=0x0000000000000000
RIP=0x000000005d935ccb, EFLAGS=0x0000000000010202

Top of Stack: (sp=0x000000005617efc0)
0x000000005617efc0:   000000005632fcd0 000000000000000e
0x000000005617efd0:   000000000000000e 000000005d5dcc1b
0x000000005617efe0:   0000000000000000 000000005db80200
0x000000005617eff0:   0000000000000000 0000000000080000
0x000000005617f000:   0000000056332420 000000000000023d
0x000000005617f010:   000000005632cde0 000000000225d730
0x000000005617f020:   0000000054ebd380 000000005617f178
0x000000005617f030:   0000000000000000 000000005d935e57
0x000000005617f040:   00000000562c2f60 000000005632fcd0
0x000000005617f050:   000000005617f0d9 00000000563ffea0
0x000000005617f060:   0000000000000000 0000000000000000
0x000000005617f070:   0000000000000000 0000000056334dc8
0x000000005617f080:   000000005632fcd0 0000000000000000
0x000000005617f090:   000000005db52518 000000005617f178
0x000000005617f0a0:   0000000056330210 000000005632fcd0
0x000000005617f0b0:   000000005632fcf0 0000000000000093 

Instructions: (pc=0x000000005d935ccb)
0x000000005d935cab:   00 00 00 49 8b ef 49 8b 46 68 48 8b 48 08 49 8b
0x000000005d935cbb:   44 24 30 48 8b 3c 29 49 8b 4c 24 20 48 63 57 68
0x000000005d935ccb:   4c 8b 04 d0 4d 85 c0 75 14 e8 f7 ee ff ff 48 63
0x000000005d935cdb:   57 68 49 8b 4c 24 30 48 89 04 d1 eb 2b 0f 10 01 


Register to memory mapping:

RAX=0x000000005632fd70 is an unknown value
RBX=0x0000000000000000 is an unknown value
RCX=0x000000005632fcf0 is an unknown value
RDX=0x00000000010ee997 is an unknown value
RSP=0x000000005617efc0 is pointing into the stack for thread: 0x0000000054f39800
RBP=0x0000000000000000 is an unknown value
RSI=0x000000000000000e is an unknown value
RDI=0x00000000562755c0 is an unknown value
R8 =0x000000005617f0d0 is pointing into the stack for thread: 0x0000000054f39800
R9 =0x0000000000000004 is an unknown value
R10=0x0000000056330240 is an unknown value
R11=0x000000005db47d68 is an unknown value
R12=0x000000005617f090 is pointing into the stack for thread: 0x0000000054f39800
R13=0x0000000000000000 is an unknown value
R14=0x00000000562c2f60 is an unknown value
R15=0x0000000000000000 is an unknown value


Stack: [0x0000000056080000,0x0000000056180000],  sp=0x000000005617efc0,  free space=1019k
Native frames: (J=compiled Java code, j=interpreted, Vv=VM code, C=native code)


Current CompileTask:
C1:    585  465   !   3       java.net.URL::<init> (543 bytes)


---------------  P R O C E S S  ---------------

Java Threads: ( => current thread )
  0x0000000056524000 JavaThread "Thread-3" daemon [_thread_in_native, id=7456, stack(0x0000000057020000,0x0000000057120000)]
  0x000000005655a800 JavaThread "JavaFX-Launcher" [_thread_blocked, id=4908, stack(0x00000000579a0000,0x0000000057aa0000)]
  0x00000000564f7800 JavaThread "JavaFX Application Thread" [_thread_in_vm, id=7148, stack(0x0000000056a50000,0x0000000056b50000)]
  0x00000000564f4000 JavaThread "Thread-1" daemon [_thread_blocked, id=8704, stack(0x0000000056d60000,0x0000000056e60000)]
  0x00000000564d4800 JavaThread "QuantumRenderer-0" daemon [_thread_blocked, id=4240, stack(0x0000000056940000,0x0000000056a40000)]
  0x0000000056198800 JavaThread "Service Thread" daemon [_thread_blocked, id=2492, stack(0x0000000056700000,0x0000000056800000)]
=>0x0000000054f39800 JavaThread "C1 CompilerThread1" daemon [_thread_in_native, id=6780, stack(0x0000000056080000,0x0000000056180000)]
  0x0000000054f2f800 JavaThread "C2 CompilerThread0" daemon [_thread_blocked, id=5860, stack(0x0000000055ed0000,0x0000000055fd0000)]
  0x0000000054f2b800 JavaThread "Attach Listener" daemon [_thread_blocked, id=8512, stack(0x0000000055c50000,0x0000000055d50000)]
  0x0000000054f2a000 JavaThread "Signal Dispatcher" daemon [_thread_blocked, id=6316, stack(0x0000000055d50000,0x0000000055e50000)]
  0x0000000054f0f000 JavaThread "Finalizer" daemon [_thread_blocked, id=5632, stack(0x00000000559d0000,0x0000000055ad0000)]
  0x0000000054ec5800 JavaThread "Reference Handler" daemon [_thread_blocked, id=8996, stack(0x0000000055b10000,0x0000000055c10000)]
  0x00000000023fe800 JavaThread "main" [_thread_blocked, id=5352, stack(0x0000000002430000,0x0000000002530000)]

Other Threads:
  0x0000000054ebd800 VMThread [stack: 0x00000000558b0000,0x00000000559b0000] [id=4608]
  0x0000000054f8f800 WatcherThread [stack: 0x00000000565c0000,0x00000000566c0000] [id=768]

VM state:not at safepoint (normal execution)

VM Mutex/Monitor currently owned by a thread: None

Heap:
 PSYoungGen      total 18944K, used 11100K [0x00000000eb180000, 0x00000000ec680000, 0x0000000100000000)
  eden space 16384K, 67% used [0x00000000eb180000,0x00000000ebc571f8,0x00000000ec180000)
  from space 2560K, 0% used [0x00000000ec400000,0x00000000ec400000,0x00000000ec680000)
  to   space 2560K, 0% used [0x00000000ec180000,0x00000000ec180000,0x00000000ec400000)
 ParOldGen       total 44032K, used 0K [0x00000000c1400000, 0x00000000c3f00000, 0x00000000eb180000)
  object space 44032K, 0% used [0x00000000c1400000,0x00000000c1400000,0x00000000c3f00000)
 Metaspace       used 7852K, capacity 8190K, committed 8320K, reserved 1056768K
  class space    used 1002K, capacity 1104K, committed 1152K, reserved 1048576K

Card table byte_map: [0x0000000011c50000,0x0000000011e50000] byte_map_base: 0x0000000011646000

Marking Bits: (ParMarkBitMap*) 0x000000005dd0b6d0
 Begin Bits: [0x0000000012430000, 0x00000000133e0000)
 End Bits:   [0x00000000133e0000, 0x0000000014390000)

Polling page: 0x0000000001b60000

CodeCache: size=245760Kb used=2091Kb max_used=2097Kb free=243668Kb
 bounds [0x0000000002890000, 0x0000000002b00000, 0x0000000011890000]
 total_blobs=815 nmethods=466 adapters=263
 compilation: enabled

Compilation events (10 events):
Event: 0.522 Thread 0x0000000054f39800 nmethod 462 0x0000000002a974d0 code [0x0000000002a97620, 0x0000000002a977b0]
Event: 0.531 Thread 0x0000000054f2f800  463       4       java.lang.AbstractStringBuilder::append (50 bytes)
Event: 0.537 Thread 0x0000000054f2f800 nmethod 463 0x0000000002a9ad50 code [0x0000000002a9aea0, 0x0000000002a9b318]
Event: 0.537 Thread 0x0000000054f2f800  464       4       java.lang.String::getChars (62 bytes)
Event: 0.539 Thread 0x0000000054f2f800 nmethod 464 0x0000000002a9b690 code [0x0000000002a9b7e0, 0x0000000002a9b938]
Event: 0.541 Thread 0x0000000054f39800  465   !   3       java.net.URL::<init> (543 bytes)
Event: 0.542 Thread 0x0000000054f2f800  466       4       java.lang.Math::min (11 bytes)
Event: 0.543 Thread 0x0000000054f2f800 nmethod 466 0x0000000002a97f10 code [0x0000000002a98040, 0x0000000002a98098]
Event: 0.546 Thread 0x0000000054f2f800  467       4       sun.nio.cs.UTF_8$Encoder::encode (359 bytes)
Event: 0.550 Thread 0x0000000054f2f800 nmethod 467 0x0000000002a98910 code [0x0000000002a98a60, 0x0000000002a98cb8]

GC Heap History (0 events):
No events

Deoptimization events (1 events):
Event: 0.483 Thread 0x00000000564f7800 Uncommon trap: reason=unstable_if action=reinterpret pc=0x0000000002a3da2c method=java.lang.String.replace(CC)Ljava/lang/String; @ 26

Internal exceptions (10 events):
Event: 0.072 Thread 0x00000000023fe800 Exception <a 'java/lang/NoSuchMethodError': Method sun.misc.Unsafe.prefetchRead(Ljava/lang/Object;J)V name or signature does not match> (0x00000000eb187f90) thrown at [C:\re\workspace\8-2-build-windows-amd64-cygwin\jdk8u121\8372\hotspot\src\share\vm\prims
Event: 0.225 Thread 0x00000000023fe800 Exception <a 'java/lang/NoSuchFieldError': method resolution failed> (0x00000000eb367048) thrown at [C:\re\workspace\8-2-build-windows-amd64-cygwin\jdk8u121\8372\hotspot\src\share\vm\prims\methodHandles.cpp, line 1146]
Event: 0.235 Thread 0x00000000023fe800 Exception <a 'java/lang/NoSuchFieldError': method resolution failed> (0x00000000eb3743d8) thrown at [C:\re\workspace\8-2-build-windows-amd64-cygwin\jdk8u121\8372\hotspot\src\share\vm\prims\methodHandles.cpp, line 1146]
Event: 0.263 Thread 0x00000000023fe800 Exception <a 'java/security/PrivilegedActionException'> (0x00000000eb3feee0) thrown at [C:\re\workspace\8-2-build-windows-amd64-cygwin\jdk8u121\8372\hotspot\src\share\vm\prims\jvm.cpp, line 1390]
Event: 0.263 Thread 0x00000000023fe800 Exception <a 'java/security/PrivilegedActionException'> (0x00000000eb3ff0f0) thrown at [C:\re\workspace\8-2-build-windows-amd64-cygwin\jdk8u121\8372\hotspot\src\share\vm\prims\jvm.cpp, line 1390]
Event: 0.264 Thread 0x00000000023fe800 Exception <a 'java/security/PrivilegedActionException'> (0x00000000eb403000) thrown at [C:\re\workspace\8-2-build-windows-amd64-cygwin\jdk8u121\8372\hotspot\src\share\vm\prims\jvm.cpp, line 1390]
Event: 0.264 Thread 0x00000000023fe800 Exception <a 'java/security/PrivilegedActionException'> (0x00000000eb403210) thrown at [C:\re\workspace\8-2-build-windows-amd64-cygwin\jdk8u121\8372\hotspot\src\share\vm\prims\jvm.cpp, line 1390]
Event: 0.264 Thread 0x00000000023fe800 Exception <a 'java/lang/NullPointerException'> (0x00000000eb4037e8) thrown at [C:\re\workspace\8-2-build-windows-amd64-cygwin\jdk8u121\8372\hotspot\src\share\vm\interpreter\linkResolver.cpp, line 1178]
Event: 0.520 Thread 0x00000000564f7800 Exception <a 'java/lang/NullPointerException'> (0x00000000eba95ee0) thrown at [C:\re\workspace\8-2-build-windows-amd64-cygwin\jdk8u121\8372\hotspot\src\share\vm\interpreter\linkResolver.cpp, line 1178]
Event: 0.520 Thread 0x00000000564f7800 Exception <a 'java/lang/NullPointerException'> (0x00000000eba95ee0) thrown at [C:\re\workspace\8-2-build-windows-amd64-cygwin\jdk8u121\8372\hotspot\src\share\vm\prims\jvm.cpp, line 1394]

Events (10 events):
Event: 0.575 loading class java/util/Date
Event: 0.575 loading class java/util/Date done
Event: 0.575 loading class sun/util/calendar/CalendarSystem
Event: 0.576 loading class sun/util/calendar/CalendarSystem done
Event: 0.576 loading class sun/util/calendar/Gregorian
Event: 0.576 loading class sun/util/calendar/BaseCalendar
Event: 0.576 loading class sun/util/calendar/AbstractCalendar
Event: 0.576 loading class sun/util/calendar/AbstractCalendar done
Event: 0.576 loading class sun/util/calendar/BaseCalendar done
Event: 0.576 loading class sun/util/calendar/Gregorian done


Dynamic libraries:
0x000000013f290000 - 0x000000013f2c7000 	C:\Program Files\Java\jdk1.8.0_121\jre\bin\java.exe
0x0000000077000000 - 0x00000000771aa000 	C:\windows\SYSTEM32\ntdll.dll
0x0000000076de0000 - 0x0000000076eff000 	C:\windows\system32\kernel32.dll
0x000007fefce90000 - 0x000007fefcefa000 	C:\windows\system32\KERNELBASE.dll
0x000007fefe1f0000 - 0x000007fefe2cb000 	C:\windows\system32\ADVAPI32.dll
0x000007fefd170000 - 0x000007fefd20f000 	C:\windows\system32\msvcrt.dll
0x000007fefd4e0000 - 0x000007fefd4ff000 	C:\windows\SYSTEM32\sechost.dll
0x000007fefd6e0000 - 0x000007fefd80d000 	C:\windows\system32\RPCRT4.dll
0x0000000076f00000 - 0x0000000076ffa000 	C:\windows\system32\USER32.dll
0x000007fefd470000 - 0x000007fefd4d7000 	C:\windows\system32\GDI32.dll
0x000007fefd840000 - 0x000007fefd84e000 	C:\windows\system32\LPK.dll
0x000007fefd210000 - 0x000007fefd2da000 	C:\windows\system32\USP10.dll
0x000007fefbee0000 - 0x000007fefc0d4000 	C:\windows\WinSxS\amd64_microsoft.windows.common-controls_6595b64144ccf1df_6.0.7601.18837_none_fa3b1e3d17594757\COMCTL32.dll
0x000007fefd3f0000 - 0x000007fefd461000 	C:\windows\system32\SHLWAPI.dll
0x000007fefd810000 - 0x000007fefd83e000 	C:\windows\system32\IMM32.DLL
0x000007fefd2e0000 - 0x000007fefd3e9000 	C:\windows\system32\MSCTF.dll
0x000007fefcce0000 - 0x000007fefcd1c000 	C:\windows\system32\nvinitx.dll
0x00000000677a0000 - 0x0000000067872000 	C:\Program Files\Java\jdk1.8.0_121\jre\bin\msvcr100.dll
0x000000005d4f0000 - 0x000000005dd8b000 	C:\Program Files\Java\jdk1.8.0_121\jre\bin\server\jvm.dll
0x000007fef17a0000 - 0x000007fef17a9000 	C:\windows\system32\WSOCK32.dll
0x000007fefde00000 - 0x000007fefde4d000 	C:\windows\system32\WS2_32.dll
0x000007fefd850000 - 0x000007fefd858000 	C:\windows\system32\NSI.dll
0x000007fef7d30000 - 0x000007fef7d6b000 	C:\windows\system32\WINMM.dll
0x000007fefb8e0000 - 0x000007fefb8ec000 	C:\windows\system32\VERSION.dll
0x00000000771d0000 - 0x00000000771d7000 	C:\windows\system32\PSAPI.DLL
0x000000006eac0000 - 0x000000006eacf000 	C:\Program Files\Java\jdk1.8.0_121\jre\bin\verify.dll
0x000000006ea90000 - 0x000000006eab9000 	C:\Program Files\Java\jdk1.8.0_121\jre\bin\java.dll
0x000000006e4f0000 - 0x000000006e506000 	C:\Program Files\Java\jdk1.8.0_121\jre\bin\zip.dll
0x000007fefe580000 - 0x000007feff309000 	C:\windows\system32\SHELL32.dll
0x000007fefe2f0000 - 0x000007fefe4f3000 	C:\windows\system32\ole32.dll
0x000007fefcdc0000 - 0x000007fefcdcf000 	C:\windows\system32\profapi.dll
0x000007fee89e0000 - 0x000007fee8acf000 	C:\Program Files\Java\jdk1.8.0_121\jre\bin\msvcr120.dll
0x000007fee8b10000 - 0x000007fee8bb6000 	C:\Program Files\Java\jdk1.8.0_121\jre\bin\msvcp120.dll
0x0000000067290000 - 0x00000000672b2000 	C:\Program Files\Java\jdk1.8.0_121\jre\bin\prism_d3d.dll
0x000007fee7770000 - 0x000007fee796f000 	C:\windows\system32\d3d9.dll
0x000007fefb440000 - 0x000007fefb447000 	C:\windows\system32\d3d8thk.dll
0x000007fef99b0000 - 0x000007fef99c8000 	C:\windows\system32\dwmapi.dll
0x000007fefafc0000 - 0x000007fefb016000 	C:\windows\system32\uxtheme.dll
0x0000000067320000 - 0x000000006733c000 	C:\Program Files\Java\jdk1.8.0_121\jre\bin\prism_sw.dll
0x0000000067240000 - 0x0000000067283000 	C:\Program Files\Java\jdk1.8.0_121\jre\bin\glass.dll
0x000007fefdef0000 - 0x000007fefdf87000 	C:\windows\system32\COMDLG32.dll
0x000007fefdd20000 - 0x000007fefddf8000 	C:\windows\system32\OLEAUT32.dll
0x000007fefcc10000 - 0x000007fefcc1f000 	C:\windows\system32\CRYPTBASE.dll
0x000007feee2c0000 - 0x000007feee3e5000 	C:\windows\system32\dbghelp.dll

VM Arguments:
jvm_args: -Dfile.encoding=UTF-8 
java_command: C:\Users\DIZAD\Desktop\CHAPTER 2 08-12-16\MCIS\DEGREE\CLASSES\IT2650 - Intro to Java Programming\My content\Lab#5 - Final Project\SwingMan\dist\run1934154714\SwingMan.jar
java_class_path (initial): C:\Users\DIZAD\Desktop\CHAPTER 2 08-12-16\MCIS\DEGREE\CLASSES\IT2650 - Intro to Java Programming\My content\Lab#5 - Final Project\SwingMan\dist\run1934154714\SwingMan.jar
Launcher Type: SUN_STANDARD

Environment Variables:
PATH=C:\ProgramData\Oracle\Java\javapath;C:\Program Files (x86)\NVIDIA Corporation\PhysX\Common;C:\Program Files\Common Files\Microsoft Shared\Windows Live;C:\Program Files (x86)\Common Files\Microsoft Shared\Windows Live;C:\windows\system32;C:\windows;C:\windows\System32\Wbem;C:\windows\System32\WindowsPowerShell\v1.0\;C:\Program Files (x86)\Windows Live\Shared;C:\Program Files (x86)\Skype\Phone\;C:\Program Files\Microsoft SQL Server\120\Tools\Binn\;C:\Program Files\Microsoft SQL Server\130\Tools\Binn\;C:\Program Files (x86)\nodejs\;C:\Program Files\Git\cmd;C:\Program Files (x86)\Microsoft SQL Server\110\Tools\Binn\;C:\Program Files\Microsoft SQL Server\110\Tools\Binn\;C:\Program Files\Microsoft SQL Server\110\DTS\Binn\;C:\Program Files (x86)\Common Files\Adobe\AGL;C:\windows\system32\config\systemprofile\.dnx\bin;C:\Program Files\Microsoft DNX\Dnvm\;C:\Python27;C:\Python27\Scripts;C:\Program Files\MATLAB\MATLAB Production Server\R2015a\runtime\win64;C:\Program Files\MATLAB\MATLAB Production Server\R2015a\bin;C:\Program Files\MATLAB\MATLAB Production Server\R2015a\polyspace\bin;C:\Program Files\MySQL\MySQL Utilities 1.6\;C:\Users\DIZAD\AppData\Roaming\npm
USERNAME=DIZAD
OS=Windows_NT
PROCESSOR_IDENTIFIER=Intel64 Family 6 Model 42 Stepping 7, GenuineIntel



---------------  S Y S T E M  ---------------

OS: Windows 7 , 64 bit Build 7601 (6.1.7601.23418)

CPU:total 2 (2 cores per cpu, 1 threads per core) family 6 model 42 stepping 7, cmov, cx8, fxsr, mmx, sse, sse2, sse3, ssse3, sse4.1, sse4.2, popcnt, clmul, tsc, tscinvbit

Memory: 4k page, physical 4105776k(1089936k free), swap 8209692k(3735604k free)

vm_info: Java HotSpot(TM) 64-Bit Server VM (25.121-b13) for windows-amd64 JRE (1.8.0_121-b13), built on Dec 12 2016 18:21:36 by "java_re" with MS VC++ 10.0 (VS2010)

time: Sat Apr 15 19:14:53 2017
elapsed time: 0 seconds (0d 0h 0m 0s)

