#
# A fatal error has been detected by the Java Runtime Environment:
#
#  EXCEPTION_ACCESS_VIOLATION (0xc0000005) at pc=0x000000005ddf7469, pid=4376, tid=0x00000000000020e4
#
# JRE version: Java(TM) SE Runtime Environment (8.0_121-b13) (build 1.8.0_121-b13)
# Java VM: Java HotSpot(TM) 64-Bit Server VM (25.121-b13 mixed mode windows-amd64 compressed oops)
# Problematic frame:
# V  [jvm.dll+0x2b7469]
#
# Failed to write core dump. Minidumps are not enabled by default on client versions of Windows
#
# If you would like to submit a bug report, please visit:
#   http://bugreport.java.com/bugreport/crash.jsp
#

---------------  T H R E A D  ---------------

Current thread (0x00000000550af800):  JavaThread "C1 CompilerThread1" daemon [_thread_in_native, id=8420, stack(0x0000000056100000,0x0000000056200000)]

siginfo: ExceptionCode=0xc0000005, reading address 0x0000000000000008

Registers:
RAX=0x0000000000000000, RBX=0x00000000561fee40, RCX=0x0000000056284b10, RDX=0x0000000056386990
RSP=0x00000000561fed60, RBP=0x00000000561fee54, RSI=0x0000000056386950, RDI=0x0000000000000000
R8 =0x0000000000000000, R9 =0x0000000056386840, R10=0x000000000000000a, R11=0x00000000563e5540
R12=0x00000000ffffffff, R13=0x0000000054fed450, R14=0x00000000023dd730, R15=0x00000000023dd770
RIP=0x000000005ddf7469, EFLAGS=0x0000000000010202

Top of Stack: (sp=0x00000000561fed60)
0x00000000561fed60:   00000000002c501b 00000000563a7da0
0x00000000561fed70:   0000000056421610 0000000000000000
0x00000000561fed80:   00000000561fee40 000000005df70f97
0x00000000561fed90:   0000000000000000 0000000056384310
0x00000000561feda0:   0000000000000001 00000000563a7da0
0x00000000561fedb0:   00000000ffffffff 000000005df6cab9
0x00000000561fedc0:   00000000561fefa0 00000000561fee54
0x00000000561fedd0:   0000000000000003 0000000000000000
0x00000000561fede0:   0000000056384340 00000000563e8100
0x00000000561fedf0:   00000000563e8100 000000000000000a
0x00000000561fee00:   0000000056386840 000000000000003e
0x00000000561fee10:   0000000000000002 00000000561fee54
0x00000000561fee20:   0000000056386950 00000000561ff038
0x00000000561fee30:   00000000563a7da0 0000000056421550
0x00000000561fee40:   0000000056386950 0000000000000001
0x00000000561fee50:   0000000000000000 0000000056386988 

Instructions: (pc=0x000000005ddf7469)
0x000000005ddf7449:   48 83 f8 03 0f 84 85 00 00 00 48 83 f8 05 74 7f
0x000000005ddf7459:   0f b6 c1 f6 d0 a8 01 0f 84 88 00 00 00 48 8b 01
0x000000005ddf7469:   ff 50 08 4c 8b d8 48 85 c0 74 7a 41 8b 4b 08 33
0x000000005ddf7479:   c0 83 ff 02 0f 44 f8 4d 8d 43 08 83 e1 07 80 f9 


Register to memory mapping:

RAX=0x0000000000000000 is an unknown value
RBX=0x00000000561fee40 is pointing into the stack for thread: 0x00000000550af800
RCX=0x0000000056284b10 is an unknown value
RDX=0x0000000056386990 is an unknown value
RSP=0x00000000561fed60 is pointing into the stack for thread: 0x00000000550af800
RBP=0x00000000561fee54 is pointing into the stack for thread: 0x00000000550af800
RSI=0x0000000056386950 is an unknown value
RDI=0x0000000000000000 is an unknown value
R8 =0x0000000000000000 is an unknown value
R9 =0x0000000056386840 is an unknown value
R10=0x000000000000000a is an unknown value
R11=0x00000000563e5540 is an unknown value
R12=0x00000000ffffffff is an unallocated location in the heap
R13=0x0000000054fed450 is an unknown value
R14=0x00000000023dd730 is an unknown value
R15=0x00000000023dd770 is an unknown value


Stack: [0x0000000056100000,0x0000000056200000],  sp=0x00000000561fed60,  free space=1019k
Native frames: (J=compiled Java code, j=interpreted, Vv=VM code, C=native code)
V  [jvm.dll+0x2b7469]
V  [jvm.dll+0x430f97]
V  [jvm.dll+0x42cab9]
V  [jvm.dll+0x42cd6c]
V  [jvm.dll+0x43003b]
V  [jvm.dll+0x40e500]
V  [jvm.dll+0x40e8d0]
V  [jvm.dll+0x40ea02]
V  [jvm.dll+0x40ebd1]
V  [jvm.dll+0x40eddf]
V  [jvm.dll+0xa5ca2]
V  [jvm.dll+0xa65df]
V  [jvm.dll+0x244e1f]
V  [jvm.dll+0x29c69a]
C  [msvcr100.dll+0x21d9f]
C  [msvcr100.dll+0x21e3b]
C  [kernel32.dll+0x159bd]
C  [ntdll.dll+0x2a2e1]


Current CompileTask:
C1:   1319  641       3       java.security.CodeSource::matchCerts (254 bytes)


---------------  P R O C E S S  ---------------

Java Threads: ( => current thread )
  0x000000005753f000 JavaThread "Prism Font Disposer" daemon [_thread_blocked, id=2704, stack(0x0000000058a10000,0x0000000058b10000)]
  0x0000000056599800 JavaThread "Thread-3" daemon [_thread_in_native, id=4512, stack(0x0000000057140000,0x0000000057240000)]
  0x0000000056597800 JavaThread "JavaFX-Launcher" [_thread_blocked, id=7716, stack(0x0000000057350000,0x0000000057450000)]
  0x0000000056579800 JavaThread "JavaFX Application Thread" [_thread_in_Java, id=3436, stack(0x0000000057020000,0x0000000057120000)]
  0x0000000056569000 JavaThread "Thread-1" daemon [_thread_blocked, id=2208, stack(0x0000000056eb0000,0x0000000056fb0000)]
  0x0000000056556000 JavaThread "QuantumRenderer-0" daemon [_thread_blocked, id=5064, stack(0x00000000569f0000,0x0000000056af0000)]
  0x000000005621b800 JavaThread "Service Thread" daemon [_thread_blocked, id=4312, stack(0x0000000056710000,0x0000000056810000)]
=>0x00000000550af800 JavaThread "C1 CompilerThread1" daemon [_thread_in_native, id=8420, stack(0x0000000056100000,0x0000000056200000)]
  0x000000005505d800 JavaThread "C2 CompilerThread0" daemon [_thread_blocked, id=8016, stack(0x0000000055af0000,0x0000000055bf0000)]
  0x0000000055059800 JavaThread "Attach Listener" daemon [_thread_blocked, id=1860, stack(0x0000000055fb0000,0x00000000560b0000)]
  0x0000000055058000 JavaThread "Signal Dispatcher" daemon [_thread_blocked, id=4920, stack(0x0000000055e40000,0x0000000055f40000)]
  0x000000005503f000 JavaThread "Finalizer" daemon [_thread_blocked, id=4180, stack(0x0000000055c90000,0x0000000055d90000)]
  0x0000000054ff5800 JavaThread "Reference Handler" daemon [_thread_blocked, id=6708, stack(0x0000000055830000,0x0000000055930000)]
  0x000000000017e800 JavaThread "main" [_thread_blocked, id=4344, stack(0x0000000002500000,0x0000000002600000)]

Other Threads:
  0x0000000054fed800 VMThread [stack: 0x00000000559b0000,0x0000000055ab0000] [id=7868]
  0x000000005621f800 WatcherThread [stack: 0x00000000568a0000,0x00000000569a0000] [id=5140]

VM state:not at safepoint (normal execution)

VM Mutex/Monitor currently owned by a thread: None

Heap:
 PSYoungGen      total 18944K, used 7786K [0x00000000eb180000, 0x00000000ec680000, 0x0000000100000000)
  eden space 16384K, 34% used [0x00000000eb180000,0x00000000eb6faa28,0x00000000ec180000)
  from space 2560K, 85% used [0x00000000ec180000,0x00000000ec3a0020,0x00000000ec400000)
  to   space 2560K, 0% used [0x00000000ec400000,0x00000000ec400000,0x00000000ec680000)
 ParOldGen       total 44032K, used 8K [0x00000000c1400000, 0x00000000c3f00000, 0x00000000eb180000)
  object space 44032K, 0% used [0x00000000c1400000,0x00000000c1402000,0x00000000c3f00000)
 Metaspace       used 11418K, capacity 11894K, committed 12032K, reserved 1058816K
  class space    used 1593K, capacity 1775K, committed 1792K, reserved 1048576K

Card table byte_map: [0x0000000011da0000,0x0000000011fa0000] byte_map_base: 0x0000000011796000

Marking Bits: (ParMarkBitMap*) 0x000000005e35b6d0
 Begin Bits: [0x0000000012560000, 0x0000000013510000)
 End Bits:   [0x0000000013510000, 0x00000000144c0000)

Polling page: 0x0000000000140000

CodeCache: size=245760Kb used=2751Kb max_used=2763Kb free=243008Kb
 bounds [0x00000000029e0000, 0x0000000002ca0000, 0x00000000119e0000]
 total_blobs=1192 nmethods=666 adapters=440
 compilation: enabled

Compilation events (10 events):
Event: 0.812 Thread 0x00000000550af800 nmethod 642 0x0000000002c753d0 code [0x0000000002c755c0, 0x0000000002c76168]
Event: 0.812 Thread 0x00000000550af800  635       3       java.net.URLStreamHandler::sameFile (136 bytes)
Event: 0.813 Thread 0x00000000550af800 nmethod 635 0x0000000002c76690 code [0x0000000002c76860, 0x0000000002c77868]
Event: 0.813 Thread 0x00000000550af800  636       3       sun.net.www.protocol.file.Handler::hostsEqual (69 bytes)
Event: 0.814 Thread 0x00000000550af800 nmethod 636 0x0000000002c77ad0 code [0x0000000002c77c80, 0x0000000002c783c8]
Event: 0.814 Thread 0x00000000550af800  637       3       java.net.URLStreamHandler::hostsEqual (75 bytes)
Event: 0.814 Thread 0x00000000550af800 nmethod 637 0x0000000002c78550 code [0x0000000002c78700, 0x0000000002c79058]
Event: 0.814 Thread 0x00000000550af800  641       3       java.security.CodeSource::matchCerts (254 bytes)
Event: 0.826 Thread 0x000000005505d800  645       4       java.lang.String::substring (79 bytes)
Event: 0.831 Thread 0x000000005505d800 nmethod 645 0x0000000002c7cad0 code [0x0000000002c7cc40, 0x0000000002c7d058]

GC Heap History (0 events):
No events

Deoptimization events (5 events):
Event: 0.485 Thread 0x0000000056579800 Uncommon trap: reason=unstable_if action=reinterpret pc=0x0000000002b916dc method=java.lang.String.replace(CC)Ljava/lang/String; @ 26
Event: 0.691 Thread 0x0000000056579800 Uncommon trap: reason=unstable_if action=reinterpret pc=0x0000000002c1294c method=sun.misc.MetaIndex.mayContain(Ljava/lang/String;)Z @ 13
Event: 0.712 Thread 0x0000000056579800 Uncommon trap: reason=unstable_if action=reinterpret pc=0x0000000002c242dc method=java.io.BufferedInputStream.read()I @ 8
Event: 0.751 Thread 0x0000000056579800 Uncommon trap: reason=unstable_if action=reinterpret pc=0x0000000002c3f8b0 method=java.util.HashMap.getNode(ILjava/lang/Object;)Ljava/util/HashMap$Node; @ 84
Event: 0.757 Thread 0x0000000056579800 Uncommon trap: reason=unstable_if action=reinterpret pc=0x0000000002c547b0 method=java.util.HashMap.getNode(ILjava/lang/Object;)Ljava/util/HashMap$Node; @ 62

Internal exceptions (10 events):
Event: 0.035 Thread 0x000000000017e800 Exception <a 'java/lang/NoSuchMethodError': Method sun.misc.Unsafe.prefetchRead(Ljava/lang/Object;J)V name or signature does not match> (0x00000000eb187f90) thrown at [C:\re\workspace\8-2-build-windows-amd64-cygwin\jdk8u121\8372\hotspot\src\share\vm\prims
Event: 0.212 Thread 0x000000000017e800 Exception <a 'java/lang/NoSuchFieldError': method resolution failed> (0x00000000eb367048) thrown at [C:\re\workspace\8-2-build-windows-amd64-cygwin\jdk8u121\8372\hotspot\src\share\vm\prims\methodHandles.cpp, line 1146]
Event: 0.223 Thread 0x000000000017e800 Exception <a 'java/lang/NoSuchFieldError': method resolution failed> (0x00000000eb3743d8) thrown at [C:\re\workspace\8-2-build-windows-amd64-cygwin\jdk8u121\8372\hotspot\src\share\vm\prims\methodHandles.cpp, line 1146]
Event: 0.251 Thread 0x000000000017e800 Exception <a 'java/security/PrivilegedActionException'> (0x00000000eb3feee0) thrown at [C:\re\workspace\8-2-build-windows-amd64-cygwin\jdk8u121\8372\hotspot\src\share\vm\prims\jvm.cpp, line 1390]
Event: 0.251 Thread 0x000000000017e800 Exception <a 'java/security/PrivilegedActionException'> (0x00000000eb3ff0f0) thrown at [C:\re\workspace\8-2-build-windows-amd64-cygwin\jdk8u121\8372\hotspot\src\share\vm\prims\jvm.cpp, line 1390]
Event: 0.252 Thread 0x000000000017e800 Exception <a 'java/security/PrivilegedActionException'> (0x00000000eb403000) thrown at [C:\re\workspace\8-2-build-windows-amd64-cygwin\jdk8u121\8372\hotspot\src\share\vm\prims\jvm.cpp, line 1390]
Event: 0.252 Thread 0x000000000017e800 Exception <a 'java/security/PrivilegedActionException'> (0x00000000eb403210) thrown at [C:\re\workspace\8-2-build-windows-amd64-cygwin\jdk8u121\8372\hotspot\src\share\vm\prims\jvm.cpp, line 1390]
Event: 0.252 Thread 0x000000000017e800 Exception <a 'java/lang/NullPointerException'> (0x00000000eb4037e8) thrown at [C:\re\workspace\8-2-build-windows-amd64-cygwin\jdk8u121\8372\hotspot\src\share\vm\interpreter\linkResolver.cpp, line 1178]
Event: 0.527 Thread 0x0000000056579800 Exception <a 'java/lang/NullPointerException'> (0x00000000eba962b8) thrown at [C:\re\workspace\8-2-build-windows-amd64-cygwin\jdk8u121\8372\hotspot\src\share\vm\interpreter\linkResolver.cpp, line 1178]
Event: 0.527 Thread 0x0000000056579800 Exception <a 'java/lang/NullPointerException'> (0x00000000eba962b8) thrown at [C:\re\workspace\8-2-build-windows-amd64-cygwin\jdk8u121\8372\hotspot\src\share\vm\prims\jvm.cpp, line 1394]

Events (10 events):
Event: 0.887 loading class javafx/scene/Scene$KeyHandler
Event: 0.887 loading class javafx/scene/Scene$KeyHandler done
Event: 0.888 loading class javafx/beans/Observable
Event: 0.888 loading class javafx/beans/Observable done
Event: 0.888 loading class javafx/beans/Observable
Event: 0.888 loading class javafx/beans/Observable done
Event: 0.893 loading class javafx/scene/Scene$KeyHandler
Event: 0.893 loading class javafx/scene/Scene$KeyHandler done
Event: 0.894 loading class javafx/application/Platform
Event: 0.894 loading class javafx/application/Platform done


Dynamic libraries:
0x000000013f2c0000 - 0x000000013f2f7000 	C:\Program Files\Java\jdk1.8.0_121\jre\bin\java.exe
0x0000000077000000 - 0x00000000771aa000 	C:\windows\SYSTEM32\ntdll.dll
0x0000000076de0000 - 0x0000000076eff000 	C:\windows\system32\kernel32.dll
0x000007fefce90000 - 0x000007fefcefa000 	C:\windows\system32\KERNELBASE.dll
0x000007fefe1f0000 - 0x000007fefe2cb000 	C:\windows\system32\ADVAPI32.dll
0x000007fefd170000 - 0x000007fefd20f000 	C:\windows\system32\msvcrt.dll
0x000007fefd4e0000 - 0x000007fefd4ff000 	C:\windows\SYSTEM32\sechost.dll
0x000007fefd6e0000 - 0x000007fefd80d000 	C:\windows\system32\RPCRT4.dll
0x0000000076f00000 - 0x0000000076ffa000 	C:\windows\system32\USER32.dll
0x000007fefd470000 - 0x000007fefd4d7000 	C:\windows\system32\GDI32.dll
0x000007fefd840000 - 0x000007fefd84e000 	C:\windows\system32\LPK.dll
0x000007fefd210000 - 0x000007fefd2da000 	C:\windows\system32\USP10.dll
0x000007fefbee0000 - 0x000007fefc0d4000 	C:\windows\WinSxS\amd64_microsoft.windows.common-controls_6595b64144ccf1df_6.0.7601.18837_none_fa3b1e3d17594757\COMCTL32.dll
0x000007fefd3f0000 - 0x000007fefd461000 	C:\windows\system32\SHLWAPI.dll
0x000007fefd810000 - 0x000007fefd83e000 	C:\windows\system32\IMM32.DLL
0x000007fefd2e0000 - 0x000007fefd3e9000 	C:\windows\system32\MSCTF.dll
0x000007fefcce0000 - 0x000007fefcd1c000 	C:\windows\system32\nvinitx.dll
0x0000000064770000 - 0x0000000064842000 	C:\Program Files\Java\jdk1.8.0_121\jre\bin\msvcr100.dll
0x000000005db40000 - 0x000000005e3db000 	C:\Program Files\Java\jdk1.8.0_121\jre\bin\server\jvm.dll
0x000007fef17a0000 - 0x000007fef17a9000 	C:\windows\system32\WSOCK32.dll
0x000007fefde00000 - 0x000007fefde4d000 	C:\windows\system32\WS2_32.dll
0x000007fefd850000 - 0x000007fefd858000 	C:\windows\system32\NSI.dll
0x000007fef7d30000 - 0x000007fef7d6b000 	C:\windows\system32\WINMM.dll
0x000007fefb8e0000 - 0x000007fefb8ec000 	C:\windows\system32\VERSION.dll
0x00000000771d0000 - 0x00000000771d7000 	C:\windows\system32\PSAPI.DLL
0x000000006eac0000 - 0x000000006eacf000 	C:\Program Files\Java\jdk1.8.0_121\jre\bin\verify.dll
0x000000006ea90000 - 0x000000006eab9000 	C:\Program Files\Java\jdk1.8.0_121\jre\bin\java.dll
0x000000006e4f0000 - 0x000000006e506000 	C:\Program Files\Java\jdk1.8.0_121\jre\bin\zip.dll
0x000007fefe580000 - 0x000007feff309000 	C:\windows\system32\SHELL32.dll
0x000007fefe2f0000 - 0x000007fefe4f3000 	C:\windows\system32\ole32.dll
0x000007fefcdc0000 - 0x000007fefcdcf000 	C:\windows\system32\profapi.dll
0x000007fee89c0000 - 0x000007fee8aaf000 	C:\Program Files\Java\jdk1.8.0_121\jre\bin\msvcr120.dll
0x000007feec4a0000 - 0x000007feec546000 	C:\Program Files\Java\jdk1.8.0_121\jre\bin\msvcp120.dll
0x0000000064e40000 - 0x0000000064e62000 	C:\Program Files\Java\jdk1.8.0_121\jre\bin\prism_d3d.dll
0x000007fee4470000 - 0x000007fee466f000 	C:\windows\system32\d3d9.dll
0x000007fefb450000 - 0x000007fefb457000 	C:\windows\system32\d3d8thk.dll
0x000007fef99b0000 - 0x000007fef99c8000 	C:\windows\system32\dwmapi.dll
0x000007fefafc0000 - 0x000007fefb016000 	C:\windows\system32\uxtheme.dll
0x0000000067320000 - 0x000000006733c000 	C:\Program Files\Java\jdk1.8.0_121\jre\bin\prism_sw.dll
0x0000000064d40000 - 0x0000000064d83000 	C:\Program Files\Java\jdk1.8.0_121\jre\bin\glass.dll
0x000007fefdef0000 - 0x000007fefdf87000 	C:\windows\system32\COMDLG32.dll
0x000007fefdd20000 - 0x000007fefddf8000 	C:\windows\system32\OLEAUT32.dll
0x000007fefcc10000 - 0x000007fefcc1f000 	C:\windows\system32\CRYPTBASE.dll
0x0000000067200000 - 0x0000000067214000 	C:\Program Files\Java\jdk1.8.0_121\jre\bin\javafx_font.dll
0x000007fee74f0000 - 0x000007fee7686000 	C:\windows\system32\dwrite.dll
0x000007fefde50000 - 0x000007fefdee9000 	C:\windows\system32\CLBCatQ.DLL
0x000007fef96e0000 - 0x000007fef9841000 	C:\windows\system32\WindowsCodecs.dll
0x000007fefcbb0000 - 0x000007fefcc07000 	C:\windows\system32\apphelp.dll
0x000007fef7d00000 - 0x000007fef7d0f000 	C:\windows\system32\AcSignIcon.dll
0x000000006d4a0000 - 0x000000006da03000 	C:\windows\system32\mfc100u.dll
0x000007fef90a0000 - 0x000007fef90a7000 	C:\windows\system32\MSIMG32.dll
0x000000006dd70000 - 0x000000006dd7d000 	C:\windows\system32\MFC100ENU.DLL
0x000007fef7bb0000 - 0x000007fef7be5000 	C:\windows\system32\EhStorShell.dll
0x000007fefd500000 - 0x000007fefd6d7000 	C:\windows\system32\SETUPAPI.dll
0x000007fefcf40000 - 0x000007fefcf76000 	C:\windows\system32\CFGMGR32.dll
0x000007fefcfd0000 - 0x000007fefcfea000 	C:\windows\system32\DEVOBJ.dll
0x000007fefb020000 - 0x000007fefb14c000 	C:\windows\system32\PROPSYS.dll
0x000007fef7b30000 - 0x000007fef7bb0000 	C:\windows\system32\ntshrui.dll
0x000007fefcab0000 - 0x000007fefcad3000 	C:\windows\system32\srvcli.dll
0x000007fef7dd0000 - 0x000007fef7ddf000 	C:\windows\system32\cscapi.dll
0x000007fefba20000 - 0x000007fefba2b000 	C:\windows\system32\slc.dll
0x000007feece10000 - 0x000007feece3d000 	C:\Program Files\Common Files\Microsoft Shared\Ink\rtscom.dll
0x000007feee2c0000 - 0x000007feee3e5000 	C:\windows\system32\dbghelp.dll

VM Arguments:
jvm_args: -Dfile.encoding=UTF-8 
java_command: C:\Users\DIZAD\Desktop\CHAPTER 2 08-12-16\MCIS\DEGREE\CLASSES\IT2650 - Intro to Java Programming\My content\Lab#5 - Final Project\SwingMan\dist\run1593626236\SwingMan.jar
java_class_path (initial): C:\Users\DIZAD\Desktop\CHAPTER 2 08-12-16\MCIS\DEGREE\CLASSES\IT2650 - Intro to Java Programming\My content\Lab#5 - Final Project\SwingMan\dist\run1593626236\SwingMan.jar
Launcher Type: SUN_STANDARD

Environment Variables:
PATH=C:\ProgramData\Oracle\Java\javapath;C:\Program Files (x86)\NVIDIA Corporation\PhysX\Common;C:\Program Files\Common Files\Microsoft Shared\Windows Live;C:\Program Files (x86)\Common Files\Microsoft Shared\Windows Live;C:\windows\system32;C:\windows;C:\windows\System32\Wbem;C:\windows\System32\WindowsPowerShell\v1.0\;C:\Program Files (x86)\Windows Live\Shared;C:\Program Files (x86)\Skype\Phone\;C:\Program Files\Microsoft SQL Server\120\Tools\Binn\;C:\Program Files\Microsoft SQL Server\130\Tools\Binn\;C:\Program Files (x86)\nodejs\;C:\Program Files\Git\cmd;C:\Program Files (x86)\Microsoft SQL Server\110\Tools\Binn\;C:\Program Files\Microsoft SQL Server\110\Tools\Binn\;C:\Program Files\Microsoft SQL Server\110\DTS\Binn\;C:\Program Files (x86)\Common Files\Adobe\AGL;C:\windows\system32\config\systemprofile\.dnx\bin;C:\Program Files\Microsoft DNX\Dnvm\;C:\Python27;C:\Python27\Scripts;C:\Program Files\MATLAB\MATLAB Production Server\R2015a\runtime\win64;C:\Program Files\MATLAB\MATLAB Production Server\R2015a\bin;C:\Program Files\MATLAB\MATLAB Production Server\R2015a\polyspace\bin;C:\Program Files\MySQL\MySQL Utilities 1.6\;C:\Users\DIZAD\AppData\Roaming\npm
USERNAME=DIZAD
OS=Windows_NT
PROCESSOR_IDENTIFIER=Intel64 Family 6 Model 42 Stepping 7, GenuineIntel



---------------  S Y S T E M  ---------------

OS: Windows 7 , 64 bit Build 7601 (6.1.7601.23418)

CPU:total 2 (2 cores per cpu, 1 threads per core) family 6 model 42 stepping 7, cmov, cx8, fxsr, mmx, sse, sse2, sse3, ssse3, sse4.1, sse4.2, popcnt, clmul, tsc, tscinvbit

Memory: 4k page, physical 4105776k(1461940k free), swap 8209692k(4127308k free)

vm_info: Java HotSpot(TM) 64-Bit Server VM (25.121-b13) for windows-amd64 JRE (1.8.0_121-b13), built on Dec 12 2016 18:21:36 by "java_re" with MS VC++ 10.0 (VS2010)

time: Sun Apr 16 01:46:14 2017
elapsed time: 1 seconds (0d 0h 0m 1s)

